# JRE version: OpenJDK Runtime Environment (11.0.10) (build 11.0.10+0-b96-7249189)
# Java VM: OpenJDK 64-Bit Server VM (11.0.10+0-b96-7249189, mixed mode, tiered, compressed oops, g1 gc, windows-amd64)
Heap:
 garbage-first heap   total 225280K, used 152357K [0x0000000080000000, 0x0000000100000000)
  region size 1024K, 34 young (34816K), 7 survivors (7168K)
 Metaspace       used 116963K, capacity 119753K, committed 120908K, reserved 1155072K
  class space    used 14470K, capacity 15482K, committed 15744K, reserved 1048576K
GC Heap History (20 events):
Event: 375.515 GC heap before
{Heap before GC invocations=27 (full 0):
 garbage-first heap   total 225280K, used 175550K [0x0000000080000000, 0x0000000100000000)
  region size 1024K, 75 young (76800K), 7 survivors (7168K)
 Metaspace       used 108984K, capacity 112229K, committed 112460K, reserved 1146880K
  class space    used 13699K, capacity 14852K, committed 14976K, reserved 1048576K
}
Event: 375.533 GC heap after
{Heap after GC invocations=28 (full 0):
 garbage-first heap   total 225280K, used 112944K [0x0000000080000000, 0x0000000100000000)
  region size 1024K, 10 young (10240K), 10 survivors (10240K)
 Metaspace       used 108984K, capacity 112229K, committed 112460K, reserved 1146880K
  class space    used 13699K, capacity 14852K, committed 14976K, reserved 1048576K
}
Event: 376.473 GC heap before
{Heap before GC invocations=28 (full 0):
 garbage-first heap   total 225280K, used 136496K [0x0000000080000000, 0x0000000100000000)
  region size 1024K, 35 young (35840K), 10 survivors (10240K)
 Metaspace       used 112370K, capacity 115653K, committed 115916K, reserved 1150976K
  class space    used 14125K, capacity 15243K, committed 15360K, reserved 1048576K
}
Event: 376.492 GC heap after
{Heap after GC invocations=29 (full 0):
 garbage-first heap   total 225280K, used 115138K [0x0000000080000000, 0x0000000100000000)
  region size 1024K, 3 young (3072K), 3 survivors (3072K)
 Metaspace       used 112370K, capacity 115653K, committed 115916K, reserved 1150976K
  class space    used 14125K, capacity 15243K, committed 15360K, reserved 1048576K
}
Event: 473.165 GC heap before
{Heap before GC invocations=30 (full 0):
 garbage-first heap   total 225280K, used 169410K [0x0000000080000000, 0x0000000100000000)
  region size 1024K, 56 young (57344K), 3 survivors (3072K)
 Metaspace       used 113067K, capacity 116278K, committed 116684K, reserved 1150976K
  class space    used 14143K, capacity 15263K, committed 15360K, reserved 1048576K
}
Event: 473.176 GC heap after
{Heap after GC invocations=31 (full 0):
 garbage-first heap   total 225280K, used 117452K [0x0000000080000000, 0x0000000100000000)
  region size 1024K, 5 young (5120K), 5 survivors (5120K)
 Metaspace       used 113067K, capacity 116278K, committed 116684K, reserved 1150976K
  class space    used 14143K, capacity 15263K, committed 15360K, reserved 1048576K
}
Event: 707.139 GC heap before
{Heap before GC invocations=31 (full 0):
 garbage-first heap   total 225280K, used 172748K [0x0000000080000000, 0x0000000100000000)
  region size 1024K, 60 young (61440K), 5 survivors (5120K)
 Metaspace       used 113575K, capacity 116805K, committed 116940K, reserved 1150976K
  class space    used 14172K, capacity 15308K, committed 15360K, reserved 1048576K
}
Event: 707.176 GC heap after
{Heap after GC invocations=32 (full 0):
 garbage-first heap   total 225280K, used 122550K [0x0000000080000000, 0x0000000100000000)
  region size 1024K, 8 young (8192K), 8 survivors (8192K)
 Metaspace       used 113575K, capacity 116805K, committed 116940K, reserved 1150976K
  class space    used 14172K, capacity 15308K, committed 15360K, reserved 1048576K
}
Event: 2263.138 GC heap before
{Heap before GC invocations=33 (full 0):
 garbage-first heap   total 225280K, used 176822K [0x0000000080000000, 0x0000000100000000)
  region size 1024K, 62 young (63488K), 8 survivors (8192K)
 Metaspace       used 113780K, capacity 116941K, committed 117196K, reserved 1150976K
  class space    used 14160K, capacity 15265K, committed 15360K, reserved 1048576K
}
Event: 2263.363 GC heap after
{Heap after GC invocations=34 (full 0):
 garbage-first heap   total 225280K, used 124569K [0x0000000080000000, 0x0000000100000000)
  region size 1024K, 3 young (3072K), 3 survivors (3072K)
 Metaspace       used 113780K, capacity 116941K, committed 117196K, reserved 1150976K
  class space    used 14160K, capacity 15265K, committed 15360K, reserved 1048576K
}
Event: 3472.728 GC heap before
{Heap before GC invocations=34 (full 0):
 garbage-first heap   total 225280K, used 179865K [0x0000000080000000, 0x0000000100000000)
  region size 1024K, 57 young (58368K), 3 survivors (3072K)
 Metaspace       used 114659K, capacity 117995K, committed 118092K, reserved 1153024K
  class space    used 14272K, capacity 15416K, committed 15488K, reserved 1048576K
}
Event: 3472.808 GC heap after
{Heap after GC invocations=35 (full 0):
 garbage-first heap   total 225280K, used 127433K [0x0000000080000000, 0x0000000100000000)
  region size 1024K, 6 young (6144K), 6 survivors (6144K)
 Metaspace       used 114659K, capacity 117995K, committed 118092K, reserved 1153024K
  class space    used 14272K, capacity 15416K, committed 15488K, reserved 1048576K
}
Event: 3476.251 GC heap before
{Heap before GC invocations=36 (full 0):
 garbage-first heap   total 225280K, used 181705K [0x0000000080000000, 0x0000000100000000)
  region size 1024K, 60 young (61440K), 6 survivors (6144K)
 Metaspace       used 116497K, capacity 119370K, committed 120652K, reserved 1155072K
  class space    used 14464K, capacity 15482K, committed 15744K, reserved 1048576K
}
Event: 3476.283 GC heap after
{Heap after GC invocations=37 (full 0):
 garbage-first heap   total 225280K, used 131721K [0x0000000080000000, 0x0000000100000000)
  region size 1024K, 8 young (8192K), 8 survivors (8192K)
 Metaspace       used 116497K, capacity 119370K, committed 120652K, reserved 1155072K
  class space    used 14464K, capacity 15482K, committed 15744K, reserved 1048576K
}
Event: 3476.373 GC heap before
{Heap before GC invocations=37 (full 0):
 garbage-first heap   total 225280K, used 134793K [0x0000000080000000, 0x0000000100000000)
  region size 1024K, 11 young (11264K), 8 survivors (8192K)
 Metaspace       used 116542K, capacity 119434K, committed 120652K, reserved 1155072K
  class space    used 14464K, capacity 15482K, committed 15744K, reserved 1048576K
}
Event: 3476.452 GC heap after
{Heap after GC invocations=38 (full 0):
 garbage-first heap   total 225280K, used 117991K [0x0000000080000000, 0x0000000100000000)
  region size 1024K, 1 young (1024K), 1 survivors (1024K)
 Metaspace       used 116542K, capacity 119434K, committed 120652K, reserved 1155072K
  class space    used 14464K, capacity 15482K, committed 15744K, reserved 1048576K
}
Event: 3476.846 GC heap before
{Heap before GC invocations=38 (full 0):
 garbage-first heap   total 225280K, used 127207K [0x0000000080000000, 0x0000000100000000)
  region size 1024K, 11 young (11264K), 1 survivors (1024K)
 Metaspace       used 116680K, capacity 119562K, committed 120652K, reserved 1155072K
  class space    used 14464K, capacity 15482K, committed 15744K, reserved 1048576K
}
Event: 3476.882 GC heap after
{Heap after GC invocations=39 (full 0):
 garbage-first heap   total 225280K, used 118784K [0x0000000080000000, 0x0000000100000000)
  region size 1024K, 2 young (2048K), 2 survivors (2048K)
 Metaspace       used 116680K, capacity 119562K, committed 120652K, reserved 1155072K
  class space    used 14464K, capacity 15482K, committed 15744K, reserved 1048576K
}
Event: 3477.717 GC heap before
{Heap before GC invocations=39 (full 0):
 garbage-first heap   total 225280K, used 136192K [0x0000000080000000, 0x0000000100000000)
  region size 1024K, 20 young (20480K), 2 survivors (2048K)
 Metaspace       used 116773K, capacity 119626K, committed 120908K, reserved 1155072K
  class space    used 14464K, capacity 15482K, committed 15744K, reserved 1048576K
}
Event: 3477.733 GC heap after
{Heap after GC invocations=40 (full 0):
 garbage-first heap   total 225280K, used 123685K [0x0000000080000000, 0x0000000100000000)
  region size 1024K, 7 young (7168K), 7 survivors (7168K)
 Metaspace       used 116773K, capacity 119626K, committed 120908K, reserved 1155072K
  class space    used 14464K, capacity 15482K, committed 15744K, reserved 1048576K
}

