# JRE version: OpenJDK Runtime Environment (11.0.10) (build 11.0.10+0-b96-7249189)
# Java VM: OpenJDK 64-Bit Server VM (11.0.10+0-b96-7249189, mixed mode, tiered, compressed oops, g1 gc, windows-amd64)
Heap:
 garbage-first heap   total 608256K, used 198530K [0x0000000080000000, 0x0000000100000000)
  region size 1024K, 2 young (2048K), 2 survivors (2048K)
 Metaspace       used 133402K, capacity 137074K, committed 137344K, reserved 1169408K
  class space    used 16757K, capacity 18087K, committed 18176K, reserved 1048576K
GC Heap History (20 events):
Event: 301.178 GC heap after
{Heap after GC invocations=56 (full 0):
 garbage-first heap   total 225280K, used 127226K [0x0000000080000000, 0x0000000100000000)
  region size 1024K, 1 young (1024K), 1 survivors (1024K)
 Metaspace       used 125582K, capacity 128841K, committed 129024K, reserved 1161216K
  class space    used 15523K, capacity 16665K, committed 16768K, reserved 1048576K
}
Event: 301.866 GC heap before
{Heap before GC invocations=56 (full 0):
 garbage-first heap   total 225280K, used 185594K [0x0000000080000000, 0x0000000100000000)
  region size 1024K, 58 young (59392K), 1 survivors (1024K)
 Metaspace       used 125859K, capacity 129138K, committed 129280K, reserved 1161216K
  class space    used 15566K, capacity 16721K, committed 16768K, reserved 1048576K
}
Event: 301.869 GC heap after
{Heap after GC invocations=57 (full 0):
 garbage-first heap   total 225280K, used 127636K [0x0000000080000000, 0x0000000100000000)
  region size 1024K, 1 young (1024K), 1 survivors (1024K)
 Metaspace       used 125859K, capacity 129138K, committed 129280K, reserved 1161216K
  class space    used 15566K, capacity 16721K, committed 16768K, reserved 1048576K
}
Event: 302.776 GC heap before
{Heap before GC invocations=58 (full 0):
 garbage-first heap   total 225280K, used 161428K [0x0000000080000000, 0x0000000100000000)
  region size 1024K, 33 young (33792K), 1 survivors (1024K)
 Metaspace       used 126373K, capacity 129633K, committed 129920K, reserved 1163264K
  class space    used 15628K, capacity 16786K, committed 16896K, reserved 1048576K
}
Event: 302.782 GC heap after
{Heap after GC invocations=59 (full 0):
 garbage-first heap   total 225280K, used 126612K [0x0000000080000000, 0x0000000100000000)
  region size 1024K, 2 young (2048K), 2 survivors (2048K)
 Metaspace       used 126373K, capacity 129633K, committed 129920K, reserved 1163264K
  class space    used 15628K, capacity 16786K, committed 16896K, reserved 1048576K
}
Event: 303.527 GC heap before
{Heap before GC invocations=60 (full 0):
 garbage-first heap   total 225280K, used 137876K [0x0000000080000000, 0x0000000100000000)
  region size 1024K, 11 young (11264K), 2 survivors (2048K)
 Metaspace       used 126422K, capacity 129669K, committed 129920K, reserved 1163264K
  class space    used 15634K, capacity 16792K, committed 16896K, reserved 1048576K
}
Event: 303.533 GC heap after
{Heap after GC invocations=61 (full 0):
 garbage-first heap   total 225280K, used 131897K [0x0000000080000000, 0x0000000100000000)
  region size 1024K, 4 young (4096K), 4 survivors (4096K)
 Metaspace       used 126422K, capacity 129669K, committed 129920K, reserved 1163264K
  class space    used 15634K, capacity 16792K, committed 16896K, reserved 1048576K
}
Event: 305.323 GC heap before
{Heap before GC invocations=62 (full 0):
 garbage-first heap   total 225280K, used 179001K [0x0000000080000000, 0x0000000100000000)
  region size 1024K, 40 young (40960K), 4 survivors (4096K)
 Metaspace       used 127768K, capacity 131103K, committed 131328K, reserved 1163264K
  class space    used 15828K, capacity 16972K, committed 17024K, reserved 1048576K
}
Event: 305.350 GC heap after
{Heap after GC invocations=63 (full 0):
 garbage-first heap   total 225280K, used 144524K [0x0000000080000000, 0x0000000100000000)
  region size 1024K, 5 young (5120K), 5 survivors (5120K)
 Metaspace       used 127768K, capacity 131103K, committed 131328K, reserved 1163264K
  class space    used 15828K, capacity 16972K, committed 17024K, reserved 1048576K
}
Event: 306.491 GC heap before
{Heap before GC invocations=63 (full 0):
 garbage-first heap   total 225280K, used 149644K [0x0000000080000000, 0x0000000100000000)
  region size 1024K, 11 young (11264K), 5 survivors (5120K)
 Metaspace       used 127946K, capacity 131270K, committed 131328K, reserved 1163264K
  class space    used 15848K, capacity 17006K, committed 17024K, reserved 1048576K
}
Event: 306.572 GC heap after
{Heap after GC invocations=64 (full 0):
 garbage-first heap   total 225280K, used 144262K [0x0000000080000000, 0x0000000100000000)
  region size 1024K, 1 young (1024K), 1 survivors (1024K)
 Metaspace       used 127946K, capacity 131270K, committed 131328K, reserved 1163264K
  class space    used 15848K, capacity 17006K, committed 17024K, reserved 1048576K
}
Event: 307.186 GC heap before
{Heap before GC invocations=64 (full 0):
 garbage-first heap   total 225280K, used 176006K [0x0000000080000000, 0x0000000100000000)
  region size 1024K, 33 young (33792K), 1 survivors (1024K)
 Metaspace       used 128986K, capacity 132329K, committed 132608K, reserved 1165312K
  class space    used 15986K, capacity 17180K, committed 17280K, reserved 1048576K
}
Event: 307.242 GC heap after
{Heap after GC invocations=65 (full 0):
 garbage-first heap   total 304128K, used 155073K [0x0000000080000000, 0x0000000100000000)
  region size 1024K, 5 young (5120K), 5 survivors (5120K)
 Metaspace       used 128986K, capacity 132329K, committed 132608K, reserved 1165312K
  class space    used 15986K, capacity 17180K, committed 17280K, reserved 1048576K
}
Event: 308.680 GC heap before
{Heap before GC invocations=65 (full 0):
 garbage-first heap   total 304128K, used 212417K [0x0000000080000000, 0x0000000100000000)
  region size 1024K, 61 young (62464K), 5 survivors (5120K)
 Metaspace       used 130721K, capacity 134184K, committed 134272K, reserved 1165312K
  class space    used 16385K, capacity 17612K, committed 17664K, reserved 1048576K
}
Event: 308.857 GC heap after
{Heap after GC invocations=66 (full 0):
 garbage-first heap   total 304128K, used 182158K [0x0000000080000000, 0x0000000100000000)
  region size 1024K, 8 young (8192K), 8 survivors (8192K)
 Metaspace       used 130721K, capacity 134184K, committed 134272K, reserved 1165312K
  class space    used 16385K, capacity 17612K, committed 17664K, reserved 1048576K
}
Event: 310.171 GC heap before
{Heap before GC invocations=66 (full 0):
 garbage-first heap   total 304128K, used 226190K [0x0000000080000000, 0x0000000100000000)
  region size 1024K, 51 young (52224K), 8 survivors (8192K)
 Metaspace       used 133038K, capacity 136696K, committed 136960K, reserved 1169408K
  class space    used 16723K, capacity 18033K, committed 18048K, reserved 1048576K
}
Event: 310.201 GC heap after
{Heap after GC invocations=67 (full 0):
 garbage-first heap   total 304128K, used 189440K [0x0000000080000000, 0x0000000100000000)
  region size 1024K, 6 young (6144K), 6 survivors (6144K)
 Metaspace       used 133038K, capacity 136696K, committed 136960K, reserved 1169408K
  class space    used 16723K, capacity 18033K, committed 18048K, reserved 1048576K
}
Event: 311.087 GC heap before
{Heap before GC invocations=67 (full 0):
 garbage-first heap   total 304128K, used 234496K [0x0000000080000000, 0x0000000100000000)
  region size 1024K, 49 young (50176K), 6 survivors (6144K)
 Metaspace       used 133285K, capacity 136940K, committed 136960K, reserved 1169408K
  class space    used 16741K, capacity 18044K, committed 18048K, reserved 1048576K
}
Event: 311.204 GC heap after
{Heap after GC invocations=68 (full 0):
 garbage-first heap   total 304128K, used 195142K [0x0000000080000000, 0x0000000100000000)
  region size 1024K, 4 young (4096K), 4 survivors (4096K)
 Metaspace       used 133285K, capacity 136940K, committed 136960K, reserved 1169408K
  class space    used 16741K, capacity 18044K, committed 18048K, reserved 1048576K
}
Event: 311.986 GC heap before
{Heap before GC invocations=68 (full 0):
 garbage-first heap   total 304128K, used 209478K [0x0000000080000000, 0x0000000100000000)
  region size 1024K, 19 young (19456K), 4 survivors (4096K)
 Metaspace       used 133402K, capacity 137074K, committed 137344K, reserved 1169408K
  class space    used 16757K, capacity 18087K, committed 18176K, reserved 1048576K
}

